The system is: Windows - 10.0.19045 - AMD64
Compiling the CXX compiler identification source file "CMakeCXXCompilerId.cpp" succeeded.
Compiler: C:/Program Files (x86)/Microsoft Visual Studio/2022/BuildTools/VC/Tools/MSVC/14.35.32215/bin/Hostx86/x64/cl.exe 
Build flags: 
Id flags:  

The output was:
0
Оптимизирующий компилятор Microsoft (R) C/C++ версии 19.35.32215 для x64
(C) Корпорация Майкрософт (Microsoft Corporation).  Все права защищены.

CMakeCXXCompilerId.cpp
Microsoft (R) Incremental Linker Version 14.35.32215.0
Copyright (C) Microsoft Corporation.  All rights reserved.

/out:CMakeCXXCompilerId.exe 
CMakeCXXCompilerId.obj 


Compilation of the CXX compiler identification source "CMakeCXXCompilerId.cpp" produced "CMakeCXXCompilerId.exe"

Compilation of the CXX compiler identification source "CMakeCXXCompilerId.cpp" produced "CMakeCXXCompilerId.obj"

The CXX compiler identification is MSVC, found in "C:/Users/Quarter/PycharmProjects/sampo/sampo/native/cmake-build-release/CMakeFiles/3.24.2/CompilerIdCXX/CMakeCXXCompilerId.exe"

Detecting CXX compiler ABI info compiled with the following output:
Change Dir: C:/Users/Quarter/PycharmProjects/sampo/sampo/native/cmake-build-release/CMakeFiles/CMakeTmp

Run Build Command(s):C:/Users/Quarter/AppData/Local/JetBrains/Toolbox/apps/CLion/ch-0/223.8617.54/bin/ninja/win/x64/ninja.exe cmTC_8e478 && [1/2] Building CXX object CMakeFiles\cmTC_8e478.dir\CMakeCXXCompilerABI.cpp.obj
Примечание: включение файла:  C:\Users\Quarter\AppData\Local\JetBrains\Toolbox\apps\CLion\ch-0\223.8617.54\bin\cmake\win\x64\share\cmake-3.24\Modules\CMakeCompilerABI.h
[2/2] Linking CXX executable cmTC_8e478.exe



